jxz/build/outputs/logs/manifest-merger-debug-report.txt
-- Merging decision tree log ---
manifest
ADDED from src\main\AndroidManifest.xml:2:1-218:12
	package
		ADDED from src\main\AndroidManifest.xml:3:5-35
		INJECTED from src\main\AndroidManifest.xml
		INJECTED from src\main\AndroidManifest.xml
	android:versionName
		INJECTED from src\main\AndroidManifest.xml
		INJECTED from src\main\AndroidManifest.xml
	xmlns:android
		ADDED from src\main\AndroidManifest.xml:2:11-69
	android:versionCode
		INJECTED from src\main\AndroidManifest.xml
		INJECTED from src\main\AndroidManifest.xml
uses-sdk
ADDED from src\main\AndroidManifest.xml:6:5-8:41
MERGED from [AndroidBase:datetimepicker:unspecified] AndroidManifest.xml:22:5-24:41
MERGED from [AndroidBase:photoSelector:unspecified] AndroidManifest.xml:7:5-9:41
MERGED from [io.reactivex:rxandroid:1.2.1] AndroidManifest.xml:19:5-43
MERGED from [top.zibin:Luban:1.0.9] AndroidManifest.xml:7:5-9:41
MERGED from [com.facebook.fresco:fresco:0.12.0] AndroidManifest.xml:5:5-7:41
MERGED from [com.facebook.fresco:drawee:0.12.0] AndroidManifest.xml:5:5-7:41
MERGED from [com.facebook.fresco:animated-webp:0.12.0] AndroidManifest.xml:5:5-7:41
MERGED from [com.facebook.fresco:animated-base:0.12.0] AndroidManifest.xml:5:5-7:41
MERGED from [com.facebook.fresco:imagepipeline:0.12.0] AndroidManifest.xml:5:5-7:41
MERGED from [com.facebook.fresco:webpsupport:0.12.0] AndroidManifest.xml:5:5-7:41
MERGED from [com.facebook.fresco:imagepipeline-base:0.12.0] AndroidManifest.xml:5:5-7:41
MERGED from [com.facebook.fresco:fbcore:0.12.0] AndroidManifest.xml:5:5-7:41
MERGED from [AndroidBase:GraffitiLib:unspecified] AndroidManifest.xml:5:5-7:41
MERGED from [AndroidBase:baselibrary:unspecified] AndroidManifest.xml:7:5-9:41
MERGED from [com.android.support:support-v4:25.1.0] AndroidManifest.xml:21:5-23:54
MERGED from [com.android.support:support-fragment:25.1.0] AndroidManifest.xml:21:5-23:60
MERGED from [com.android.support:support-media-compat:25.1.0] AndroidManifest.xml:21:5-23:63
MERGED from [com.android.support:support-core-ui:25.1.0] AndroidManifest.xml:21:5-23:58
MERGED from [com.android.support:support-core-utils:25.1.0] AndroidManifest.xml:21:5-23:61
MERGED from [com.android.support:support-compat:25.1.0] AndroidManifest.xml:21:5-23:58
MERGED from [com.forward.androids:androids:1.1.4] AndroidManifest.xml:7:5-9:41
	tools:overrideLibrary
		ADDED from [com.android.support:support-v4:25.1.0] AndroidManifest.xml:23:9-51
	android:targetSdkVersion
		ADDED from src\main\AndroidManifest.xml:8:9-38
		INJECTED from src\main\AndroidManifest.xml
		INJECTED from src\main\AndroidManifest.xml
	android:minSdkVersion
		ADDED from src\main\AndroidManifest.xml:7:9-35
		INJECTED from src\main\AndroidManifest.xml
		INJECTED from src\main\AndroidManifest.xml
uses-permission#android.permission.INTERNET
ADDED from src\main\AndroidManifest.xml:10:5-67
MERGED from [AndroidBase:photoSelector:unspecified] AndroidManifest.xml:12:5-67
	android:name
		ADDED from src\main\AndroidManifest.xml:10:22-64
uses-permission#android.permission.MANAGE_DOCUMENTS
ADDED from src\main\AndroidManifest.xml:11:5-75
	android:name
		ADDED from src\main\AndroidManifest.xml:11:22-72
uses-permission#android.permission.ACCESS_NETWORK_STATE
ADDED from src\main\AndroidManifest.xml:12:5-79
	android:name
		ADDED from src\main\AndroidManifest.xml:12:22-76
uses-permission#android.permission.WAKE_LOCK
ADDED from src\main\AndroidManifest.xml:13:5-68
	android:name
		ADDED from src\main\AndroidManifest.xml:13:22-65
uses-permission#android.permission.GET_TASKS
ADDED from src\main\AndroidManifest.xml:14:5-68
	android:name
		ADDED from src\main\AndroidManifest.xml:14:22-65
uses-permission#com.android.launcher.permission.INSTALL_SHORTCUT
ADDED from src\main\AndroidManifest.xml:15:5-88
	android:name
		ADDED from src\main\AndroidManifest.xml:15:22-85
uses-permission#com.android.launcher.permission.UNINSTALL_SHORTCUT
ADDED from src\main\AndroidManifest.xml:16:5-90
	android:name
		ADDED from src\main\AndroidManifest.xml:16:22-87
uses-permission#android.permission.WRITE_EXTERNAL_STORAGE
ADDED from src\main\AndroidManifest.xml:17:5-81
MERGED from [AndroidBase:photoSelector:unspecified] AndroidManifest.xml:14:5-81
MERGED from [AndroidBase:GraffitiLib:unspecified] AndroidManifest.xml:12:5-81
	android:name
		ADDED from src\main\AndroidManifest.xml:17:22-78
uses-permission#android.permission.READ_EXTERNAL_STORAGE
ADDED from src\main\AndroidManifest.xml:18:5-80
	android:name
		ADDED from src\main\AndroidManifest.xml:18:22-77
uses-permission#android.permission.ACCESS_WIFI_STATE
ADDED from src\main\AndroidManifest.xml:19:5-76
	android:name
		ADDED from src\main\AndroidManifest.xml:19:22-73
uses-permission#android.permission.READ_PHONE_STATE
ADDED from src\main\AndroidManifest.xml:20:5-75
	android:name
		ADDED from src\main\AndroidManifest.xml:20:22-72
uses-permission#android.permission.VIBRATE
ADDED from src\main\AndroidManifest.xml:21:5-66
MERGED from [AndroidBase:datetimepicker:unspecified] AndroidManifest.xml:26:5-66
	android:name
		ADDED from src\main\AndroidManifest.xml:21:22-63
uses-permission#android.permission.RECORD_AUDIO
ADDED from src\main\AndroidManifest.xml:22:5-71
	android:name
		ADDED from src\main\AndroidManifest.xml:22:22-68
uses-permission#android.permission.CAPTURE_AUDIO_OUTPUT
ADDED from src\main\AndroidManifest.xml:23:5-79
	android:name
		ADDED from src\main\AndroidManifest.xml:23:22-76
uses-permission#org.simalliance.openmobileapi.SMARTCARD
ADDED from src\main\AndroidManifest.xml:24:5-79
	android:name
		ADDED from src\main\AndroidManifest.xml:24:22-76
uses-permission#android.permission.MOUNT_UNMOUNT_FILESYSTEMS
ADDED from src\main\AndroidManifest.xml:25:5-83
MERGED from [AndroidBase:GraffitiLib:unspecified] AndroidManifest.xml:10:5-84
	android:name
		ADDED from src\main\AndroidManifest.xml:25:22-81
uses-permission#android.permission.CHANGE_WIFI_STATE
ADDED from src\main\AndroidManifest.xml:26:5-75
	android:name
		ADDED from src\main\AndroidManifest.xml:26:22-73
uses-permission#android.permission.GET_ACCOUNTS
ADDED from src\main\AndroidManifest.xml:27:5-70
	android:name
		ADDED from src\main\AndroidManifest.xml:27:22-68
uses-permission#android.permission.MANAGE_ACCOUNTS
ADDED from src\main\AndroidManifest.xml:28:5-73
	android:name
		ADDED from src\main\AndroidManifest.xml:28:22-71
uses-permission#android.permission.WRITE_SETTINGS
ADDED from src\main\AndroidManifest.xml:29:5-72
	android:name
		ADDED from src\main\AndroidManifest.xml:29:22-70
application
ADDED from src\main\AndroidManifest.xml:31:5-216:19
MERGED from [AndroidBase:photoSelector:unspecified] AndroidManifest.xml:16:5-30:19
MERGED from [AndroidBase:GraffitiLib:unspecified] AndroidManifest.xml:14:5-16:19
MERGED from [AndroidBase:baselibrary:unspecified] AndroidManifest.xml:11:5-15:19
MERGED from [com.android.support:support-v4:25.1.0] AndroidManifest.xml:25:5-20
MERGED from [com.android.support:support-fragment:25.1.0] AndroidManifest.xml:25:5-20
MERGED from [com.android.support:support-media-compat:25.1.0] AndroidManifest.xml:25:5-20
MERGED from [com.android.support:support-core-ui:25.1.0] AndroidManifest.xml:25:5-20
MERGED from [com.android.support:support-core-utils:25.1.0] AndroidManifest.xml:25:5-20
MERGED from [com.android.support:support-compat:25.1.0] AndroidManifest.xml:25:5-20
	android:label
		ADDED from src\main\AndroidManifest.xml:36:9-41
	android:supportsRtl
		ADDED from [AndroidBase:baselibrary:unspecified] AndroidManifest.xml:14:9-35
	android:hardwareAccelerated
		ADDED from src\main\AndroidManifest.xml:34:9-43
	android:allowBackup
		ADDED from src\main\AndroidManifest.xml:33:9-35
	android:icon
		ADDED from src\main\AndroidManifest.xml:35:9-42
	android:theme
		ADDED from src\main\AndroidManifest.xml:37:9-40
	android:name
		ADDED from src\main\AndroidManifest.xml:32:9-38
uses-library#org.simalliance.openmobileapi
ADDED from src\main\AndroidManifest.xml:39:9-41:40
	android:required
		ADDED from src\main\AndroidManifest.xml:41:13-37
	android:name
		ADDED from src\main\AndroidManifest.xml:40:13-57
activity#com.zdhx.androidbase.ui.account.WelcomeActivity
ADDED from src\main\AndroidManifest.xml:43:9-51:20
	android:label
		ADDED from src\main\AndroidManifest.xml:45:13-45
	android:name
		ADDED from src\main\AndroidManifest.xml:44:13-75
intent-filter#android.intent.action.MAIN+android.intent.category.LAUNCHER
ADDED from src\main\AndroidManifest.xml:46:13-50:29
action#android.intent.action.MAIN
ADDED from src\main\AndroidManifest.xml:47:17-69
	android:name
		ADDED from src\main\AndroidManifest.xml:47:25-66
category#android.intent.category.LAUNCHER
ADDED from src\main\AndroidManifest.xml:49:17-77
	android:name
		ADDED from src\main\AndroidManifest.xml:49:27-74
activity#com.zdhx.androidbase.ui.MainActivity
ADDED from src\main\AndroidManifest.xml:52:9-58:20
	android:screenOrientation
		ADDED from src\main\AndroidManifest.xml:56:13-49
	android:label
		ADDED from src\main\AndroidManifest.xml:55:13-31
	android:windowSoftInputMode
		ADDED from src\main\AndroidManifest.xml:57:13-72
	android:configChanges
		ADDED from src\main\AndroidManifest.xml:54:13-74
	android:name
		ADDED from src\main\AndroidManifest.xml:53:13-64
activity#com.zdhx.androidbase.ui.account.LoginActivity
ADDED from src\main\AndroidManifest.xml:59:9-65:20
	android:screenOrientation
		ADDED from src\main\AndroidManifest.xml:63:13-49
	android:label
		ADDED from src\main\AndroidManifest.xml:62:13-31
	android:windowSoftInputMode
		ADDED from src\main\AndroidManifest.xml:64:13-72
	android:configChanges
		ADDED from src\main\AndroidManifest.xml:61:13-63
	android:name
		ADDED from src\main\AndroidManifest.xml:60:13-73
activity#com.zdhx.androidbase.ui.scrosearch.SelectScroActivity
ADDED from src\main\AndroidManifest.xml:67:9-68:51
	android:screenOrientation
		ADDED from src\main\AndroidManifest.xml:68:13-49
	android:name
		ADDED from src\main\AndroidManifest.xml:67:19-67
activity#com.zdhx.androidbase.ui.introducetreads.IntroduceTreadsActivity
ADDED from src\main\AndroidManifest.xml:70:9-85:20
	android:screenOrientation
		ADDED from src\main\AndroidManifest.xml:72:13-49
	android:label
		ADDED from src\main\AndroidManifest.xml:73:13-36
	android:icon
		ADDED from src\main\AndroidManifest.xml:71:13-46
	android:name
		ADDED from src\main\AndroidManifest.xml:70:19-77
intent-filter#android.intent.action.SEND+android.intent.action.SENDTO+android.intent.category.DEFAULT
ADDED from src\main\AndroidManifest.xml:74:13-84:29
action#android.intent.action.SEND
ADDED from src\main\AndroidManifest.xml:76:17-69
	android:name
		ADDED from src\main\AndroidManifest.xml:76:25-66
action#android.intent.action.SENDTO
ADDED from src\main\AndroidManifest.xml:77:17-71
	android:name
		ADDED from src\main\AndroidManifest.xml:77:25-68
category#android.intent.category.DEFAULT
ADDED from src\main\AndroidManifest.xml:79:17-76
	android:name
		ADDED from src\main\AndroidManifest.xml:79:27-73
data
ADDED from src\main\AndroidManifest.xml:81:17-52
	android:mimeType
		ADDED from src\main\AndroidManifest.xml:81:23-49
activity#com.zdhx.androidbase.ui.treadssearch.SearchTreadsActivity
ADDED from src\main\AndroidManifest.xml:87:9-88:51
	android:screenOrientation
		ADDED from src\main\AndroidManifest.xml:88:13-49
	android:name
		ADDED from src\main\AndroidManifest.xml:87:19-71
activity#com.zdhx.androidbase.ui.ykt.SearchHandWriteActivity
ADDED from src\main\AndroidManifest.xml:90:9-91:51
	android:screenOrientation
		ADDED from src\main\AndroidManifest.xml:91:13-49
	android:name
		ADDED from src\main\AndroidManifest.xml:90:19-65
activity#com.zdhx.androidbase.ui.ykt.ShowWeekActivity
ADDED from src\main\AndroidManifest.xml:93:9-94:51
	android:screenOrientation
		ADDED from src\main\AndroidManifest.xml:94:13-49
	android:name
		ADDED from src\main\AndroidManifest.xml:93:19-58
activity#com.zdhx.androidbase.ui.treadssearch.SearchWorkActivity
ADDED from src\main\AndroidManifest.xml:96:9-97:51
	android:screenOrientation
		ADDED from src\main\AndroidManifest.xml:97:13-49
	android:name
		ADDED from src\main\AndroidManifest.xml:96:19-69
activity#com.zdhx.androidbase.ui.plugin.FileExplorerActivity
ADDED from src\main\AndroidManifest.xml:99:9-100:51
	android:screenOrientation
		ADDED from src\main\AndroidManifest.xml:100:13-49
	android:name
		ADDED from src\main\AndroidManifest.xml:99:19-65
activity#com.zdhx.androidbase.ui.treadstree.TreeActivity
ADDED from src\main\AndroidManifest.xml:102:9-103:51
	android:screenOrientation
		ADDED from src\main\AndroidManifest.xml:103:13-49
	android:name
		ADDED from src\main\AndroidManifest.xml:102:19-61
activity#com.zdhx.androidbase.ui.treadstree.WorkTreeActivity
ADDED from src\main\AndroidManifest.xml:106:9-107:51
	android:screenOrientation
		ADDED from src\main\AndroidManifest.xml:107:13-49
	android:name
		ADDED from src\main\AndroidManifest.xml:106:19-65
activity#com.zdhx.androidbase.ui.treadssearch.UpFileActivity
ADDED from src\main\AndroidManifest.xml:109:9-122:20
	android:screenOrientation
		ADDED from src\main\AndroidManifest.xml:111:13-49
	android:label
		ADDED from src\main\AndroidManifest.xml:112:13-36
	android:icon
		ADDED from src\main\AndroidManifest.xml:110:13-46
	android:name
		ADDED from src\main\AndroidManifest.xml:109:19-65
activity#com.zdhx.androidbase.ui.treadssearch.VideoShowActivity
ADDED from src\main\AndroidManifest.xml:126:9-127:51
	android:screenOrientation
		ADDED from src\main\AndroidManifest.xml:127:13-49
	android:name
		ADDED from src\main\AndroidManifest.xml:126:19-68
activity#com.zdhx.androidbase.ui.account.ImagePagerActivity
ADDED from src\main\AndroidManifest.xml:129:9-130:51
	android:screenOrientation
		ADDED from src\main\AndroidManifest.xml:130:13-49
	android:name
		ADDED from src\main\AndroidManifest.xml:129:19-64
activity#com.zdhx.androidbase.ui.account.OperateRecordActicity
ADDED from src\main\AndroidManifest.xml:132:9-133:51
	android:screenOrientation
		ADDED from src\main\AndroidManifest.xml:133:13-49
	android:name
		ADDED from src\main\AndroidManifest.xml:132:19-67
activity#com.zdhx.androidbase.ui.treadstree.ScroTreeActivity
ADDED from src\main\AndroidManifest.xml:135:9-136:51
	android:screenOrientation
		ADDED from src\main\AndroidManifest.xml:136:13-49
	android:name
		ADDED from src\main\AndroidManifest.xml:135:19-65
activity#com.zdhx.androidbase.ui.quantity.CheckActivity
ADDED from src\main\AndroidManifest.xml:138:9-139:51
	android:screenOrientation
		ADDED from src\main\AndroidManifest.xml:139:13-49
	android:name
		ADDED from src\main\AndroidManifest.xml:138:19-60
activity#com.zdhx.androidbase.ui.quantity.PrePassActivity
ADDED from src\main\AndroidManifest.xml:141:9-142:51
	android:screenOrientation
		ADDED from src\main\AndroidManifest.xml:142:13-49
	android:name
		ADDED from src\main\AndroidManifest.xml:141:19-62
activity#com.zdhx.androidbase.ui.treadstree.TreadsTreeActivity
ADDED from src\main\AndroidManifest.xml:144:9-145:51
	android:screenOrientation
		ADDED from src\main\AndroidManifest.xml:145:13-49
	android:name
		ADDED from src\main\AndroidManifest.xml:144:19-67
activity#com.zdhx.androidbase.ui.treadssearch.VideoShowSimpleActivity
ADDED from src\main\AndroidManifest.xml:147:9-148:51
	android:screenOrientation
		ADDED from src\main\AndroidManifest.xml:148:13-49
	android:name
		ADDED from src\main\AndroidManifest.xml:147:19-74
activity#com.zdhx.androidbase.ui.ykt.HandWriteSelectActivity
ADDED from src\main\AndroidManifest.xml:149:9-150:51
	android:screenOrientation
		ADDED from src\main\AndroidManifest.xml:150:13-49
	android:name
		ADDED from src\main\AndroidManifest.xml:149:19-65
activity#com.zdhx.androidbase.ui.moralevaluation.MoralLevaluationActivity
ADDED from src\main\AndroidManifest.xml:151:9-152:51
	android:screenOrientation
		ADDED from src\main\AndroidManifest.xml:152:13-49
	android:name
		ADDED from src\main\AndroidManifest.xml:151:19-78
activity#com.zdhx.androidbase.ui.SelectEntryMainActivity
ADDED from src\main\AndroidManifest.xml:155:9-156:51
	android:screenOrientation
		ADDED from src\main\AndroidManifest.xml:156:13-49
	android:name
		ADDED from src\main\AndroidManifest.xml:155:19-61
activity#com.mob.tools.MobUIShell
ADDED from src\main\AndroidManifest.xml:158:9-189:20
	android:screenOrientation
		ADDED from src\main\AndroidManifest.xml:161:13-49
	android:windowSoftInputMode
		ADDED from src\main\AndroidManifest.xml:163:13-67
	android:configChanges
		ADDED from src\main\AndroidManifest.xml:160:13-74
	android:theme
		ADDED from src\main\AndroidManifest.xml:162:13-72
	android:name
		ADDED from src\main\AndroidManifest.xml:159:13-52
intent-filter#android.intent.action.VIEW+android.intent.category.BROWSABLE+android.intent.category.DEFAULT
ADDED from src\main\AndroidManifest.xml:174:13-181:29
action#android.intent.action.VIEW
ADDED from src\main\AndroidManifest.xml:177:17-69
	android:name
		ADDED from src\main\AndroidManifest.xml:177:25-66
category#android.intent.category.BROWSABLE
ADDED from src\main\AndroidManifest.xml:179:17-78
	android:name
		ADDED from src\main\AndroidManifest.xml:179:27-75
intent-filter#android.intent.category.DEFAULT+com.sina.weibo.sdk.action.ACTION_SDK_REQ_ACTIVITY
ADDED from src\main\AndroidManifest.xml:184:13-188:29
action#com.sina.weibo.sdk.action.ACTION_SDK_REQ_ACTIVITY
ADDED from src\main\AndroidManifest.xml:185:17-92
	android:name
		ADDED from src\main\AndroidManifest.xml:185:25-89
activity#com.zdhx.androidbase.wxapi.WXEntryActivity
ADDED from src\main\AndroidManifest.xml:193:9-198:75
	android:screenOrientation
		ADDED from src\main\AndroidManifest.xml:197:13-49
	android:exported
		ADDED from src\main\AndroidManifest.xml:196:13-36
	android:configChanges
		ADDED from src\main\AndroidManifest.xml:195:13-74
	android:theme
		ADDED from src\main\AndroidManifest.xml:198:13-72
	android:name
		ADDED from src\main\AndroidManifest.xml:194:13-50
meta-data#PGYER_APPID
ADDED from src\main\AndroidManifest.xml:212:9-215:21
	android:value
		ADDED from src\main\AndroidManifest.xml:214:13-61
	android:name
		ADDED from src\main\AndroidManifest.xml:213:13-39
activity#com.photoselector.ui.PhotoSelectorActivity
ADDED from [AndroidBase:photoSelector:unspecified] AndroidManifest.xml:17:9-20:20
	android:label
		ADDED from [AndroidBase:photoSelector:unspecified] AndroidManifest.xml:19:13-33
	android:name
		ADDED from [AndroidBase:photoSelector:unspecified] AndroidManifest.xml:18:13-70
activity#com.photoselector.ui.PhotoPreviewActivity
ADDED from [AndroidBase:photoSelector:unspecified] AndroidManifest.xml:21:9-24:20
	android:label
		ADDED from [AndroidBase:photoSelector:unspecified] AndroidManifest.xml:23:13-33
	android:name
		ADDED from [AndroidBase:photoSelector:unspecified] AndroidManifest.xml:22:13-69
activity#cn.hzw.graffiti.GraffitiActivity
ADDED from [AndroidBase:GraffitiLib:unspecified] AndroidManifest.xml:15:9-69
	android:name
		ADDED from [AndroidBase:GraffitiLib:unspecified] AndroidManifest.xml:15:19-66